[0814/144722.646:ERROR:process_reader_win.cc(151)] SuspendThread: Access is denied. (0x5)
[0814/144722.648:ERROR:process_reader_win.cc(151)] SuspendThread: Access is denied. (0x5)
[0814/144722.648:ERROR:process_reader_win.cc(151)] SuspendThread: Access is denied. (0x5)
[0814/144722.648:ERROR:process_reader_win.cc(151)] SuspendThread: Access is denied. (0x5)
[0814/144722.648:ERROR:process_reader_win.cc(151)] SuspendThread: Access is denied. (0x5)
[0814/144722.648:ERROR:process_reader_win.cc(123)] NtOpenThread: {Access Denied} A process has requested access to an object, but has not been granted those access rights. (0xc0000022)
[0814/144722.649:ERROR:exception_snapshot_win.cc(98)] thread ID 9440 not found in process
[0814/144722.673:ERROR:process_reader_win.cc(151)] SuspendThread: Access is denied. (0x5)
[0814/144722.673:ERROR:process_reader_win.cc(151)] SuspendThread: Access is denied. (0x5)
[0814/144722.673:ERROR:process_reader_win.cc(151)] SuspendThread: Access is denied. (0x5)
[0814/144722.673:ERROR:process_reader_win.cc(151)] SuspendThread: Access is denied. (0x5)
[0814/144722.673:ERROR:process_reader_win.cc(151)] SuspendThread: Access is denied. (0x5)
[0814/144722.673:ERROR:process_reader_win.cc(151)] SuspendThread: Access is denied. (0x5)
[0814/144722.673:ERROR:process_reader_win.cc(151)] SuspendThread: Access is denied. (0x5)
[0814/144722.673:ERROR:process_reader_win.cc(151)] SuspendThread: Access is denied. (0x5)
[0814/144722.673:ERROR:process_reader_win.cc(123)] NtOpenThread: {Access Denied} A process has requested access to an object, but has not been granted those access rights. (0xc0000022)
[0814/144722.673:ERROR:exception_snapshot_win.cc(98)] thread ID 8612 not found in process
[0911/213249.430:ERROR:process_reader_win.cc(123)] NtOpenThread: {Access Denied} A process has requested access to an object, but has not been granted those access rights. (0xc0000022)
[0911/213249.438:ERROR:exception_snapshot_win.cc(99)] thread ID 8672 not found in process
[1031/222021.507:ERROR:directory_reader_win.cc(43)] FindFirstFile: The system cannot find the path specified. (0x3)
[1031/222255.098:ERROR:directory_reader_win.cc(43)] FindFirstFile: The system cannot find the path specified. (0x3)
[1031/222558.581:ERROR:directory_reader_win.cc(43)] FindFirstFile: The system cannot find the path specified. (0x3)
[1031/222725.328:ERROR:process_reader_win.cc(123)] NtOpenThread: {Access Denied} A process has requested access to an object, but has not been granted those access rights. (0xc0000022)
[1031/222725.332:ERROR:exception_snapshot_win.cc(99)] thread ID 13504 not found in process
[1031/222730.433:ERROR:process_info.cc(329)] VirtualQueryEx: Access is denied. (0x5)
[1031/222730.433:ERROR:process_info.cc(556)] ReadMemoryInfo failed
[1031/222730.433:ERROR:process_memory_win.cc(39)] Failed to initialize ProcessInfo.
[1031/222730.433:ERROR:scoped_process_suspend.cc(40)] NtResumeProcess: An attempt was made to access an exiting process. (0xc000010a)
[1031/222730.537:ERROR:process_reader_win.cc(123)] NtOpenThread: {Access Denied} A process has requested access to an object, but has not been granted those access rights. (0xc0000022)
[1031/222730.537:ERROR:exception_snapshot_win.cc(99)] thread ID 17348 not found in process
